<?xml version="1.0" encoding="UTF-8"?>
<testsuite name="erp.services.ZooAnimalStorageTests" tests="6" skipped="0" failures="0" errors="0" timestamp="2025-02-12T19:05:07" hostname="user-Swift-SF314-512" time="0.025">
  <properties/>
  <testcase name="ZooAnimalStorage - тест добавление животных в зоопарк с клиникой c параметрами, возвращающими false (addAnimal)" classname="erp.services.ZooAnimalStorageTests" time="0.006"/>
  <testcase name="ZooAnimalStorage - тест получения и удаления животного из коллекции по их полному соответствию (takeAnimal)" classname="erp.services.ZooAnimalStorageTests" time="0.004"/>
  <testcase name="ZooAnimalStorage - тест добавление животных в зоопарк без клиники и без параметров (addAnimal)" classname="erp.services.ZooAnimalStorageTests" time="0.003"/>
  <testcase name="ZooAnimalStorage - тест получения и удаления животного из коллекции по имени (takeAnimal)" classname="erp.services.ZooAnimalStorageTests" time="0.002"/>
  <testcase name="ZooAnimalStorage - тест добавление животных в зоопарк с клиникой c параметрами, возвращающими true (addAnimal)" classname="erp.services.ZooAnimalStorageTests" time="0.002"/>
  <testcase name="ZooAnimalStorage - тест добавление животных в зоопарк без клиники c параметрами (addAnimal)" classname="erp.services.ZooAnimalStorageTests" time="0.002"/>
  <system-out><![CDATA[]]></system-out>
  <system-err><![CDATA[]]></system-err>
</testsuite>
