<?xml version="1.0" encoding="UTF-8"?>
<testsuite name="erp.services.ZooAnimalServiceTests" tests="4" skipped="0" failures="0" errors="0" timestamp="2025-02-12T19:05:07" hostname="user-Swift-SF314-512" time="0.012">
  <properties/>
  <testcase name="ZooAnimalService - тест получения коллекции имён животных зоопарка (getAnimalsIdentificationName)" classname="erp.services.ZooAnimalServiceTests" time="0.003"/>
  <testcase name="ZooAnimalService - тест получения количества животных в зоопарке (getAnimalsNumber)" classname="erp.services.ZooAnimalServiceTests" time="0.002"/>
  <testcase name="ZooAnimalService - тест получения количества еды для животных в зоопарке (getTotalFood)" classname="erp.services.ZooAnimalServiceTests" time="0.002"/>
  <testcase name="ZooAnimalService - тест получения животных для контактного зоопарка (getInteractiveAnimals)" classname="erp.services.ZooAnimalServiceTests" time="0.002"/>
  <system-out><![CDATA[]]></system-out>
  <system-err><![CDATA[]]></system-err>
</testsuite>
