<?xml version="1.0" encoding="UTF-8"?>
<testsuite name="erp.services.ZooThingServiceTests" tests="1" skipped="0" failures="0" errors="0" timestamp="2025-02-13T05:02:19" hostname="user-Swift-SF314-512" time="0.004">
  <properties/>
  <testcase name="ZooThingService - тест получения коллекции номеров предметов зоопарка (getThingsNumber)" classname="erp.services.ZooThingServiceTests" time="0.004"/>
  <system-out><![CDATA[]]></system-out>
  <system-err><![CDATA[]]></system-err>
</testsuite>
