<?xml version="1.0" encoding="UTF-8"?>
<testsuite name="erp.services.ZooThingStorageTests" tests="3" skipped="0" failures="0" errors="0" timestamp="2025-02-12T19:05:07" hostname="user-Swift-SF314-512" time="0.008">
  <properties/>
  <testcase name="ZooAnimalStorage - тест получения и удаления предмета из коллекции по номеру (takeThing)" classname="erp.services.ZooThingStorageTests" time="0.003"/>
  <testcase name="ZooAnimalStorage - тест получения и удаления предметов из коллекции по их полному соответствию (takeThing)" classname="erp.services.ZooThingStorageTests" time="0.002"/>
  <testcase name="ZooThingStorage - тест добавления предметов (addThing)" classname="erp.services.ZooThingStorageTests" time="0.001"/>
  <system-out><![CDATA[]]></system-out>
  <system-err><![CDATA[]]></system-err>
</testsuite>
